<?xml version="1.0" encoding="UTF-8"?>
<!-- Generated by org.testng.reporters.JUnitReportReporter -->
<testsuite skipped="0" hostname="DESKTOP-MDBO7TE" name="TESTNG.Basic" tests="1" failures="0" timestamp="2022-10-29T09:06:25 IST" time="0.005" errors="0">
  <testcase name="BusinessLogic" time="0.005" classname="TESTNG.Basic"/>
  <system-out/>
</testsuite> <!-- TESTNG.Basic -->
