<?xml version="1.0" encoding="UTF-8"?>
<!-- Generated by org.testng.reporters.JUnitReportReporter -->
<testsuite skipped="0" hostname="DESKTOP-MDBO7TE" name="TESTNG.A" tests="1" failures="0" timestamp="2022-11-07T22:40:51 IST" time="18.238" errors="0">
  <testcase name="BusinessLogic_one" time="18.238" classname="TESTNG.A"/>
  <system-out/>
</testsuite> <!-- TESTNG.A -->
