<?xml version="1.0" encoding="UTF-8"?>
<!-- Generated by org.testng.reporters.JUnitReportReporter -->
<testsuite skipped="0" hostname="DESKTOP-MDBO7TE" name="TESTNG.Single_test" tests="2" failures="0" timestamp="2022-10-31T09:00:11 IST" time="60.087" errors="0">
  <testcase name="BusinessLogic_one" time="29.372" classname="TESTNG.Single_test"/>
  <system-out/>
  <testcase name="BusinessLogic_Two" time="30.715" classname="TESTNG.Single_test"/>
  <system-out/>
</testsuite> <!-- TESTNG.Single_test -->
