<?xml version="1.0" encoding="UTF-8"?>
<!-- Generated by org.testng.reporters.JUnitReportReporter -->
<testsuite skipped="0" hostname="DESKTOP-MDBO7TE" name="TESTNG.data_provider" tests="3" failures="0" timestamp="2022-11-07T08:46:55 IST" time="54.889" errors="0">
  <testcase name="BusinessLogic_one" time="18.690" classname="TESTNG.data_provider"/>
  <system-out/>
  <testcase name="BusinessLogic_one" time="18.648" classname="TESTNG.data_provider"/>
  <system-out/>
  <testcase name="BusinessLogic_one" time="17.551" classname="TESTNG.data_provider"/>
  <system-out/>
</testsuite> <!-- TESTNG.data_provider -->
