<?xml version="1.0" encoding="UTF-8"?>
<!-- Generated by org.testng.reporters.JUnitReportReporter -->
<testsuite skipped="0" hostname="DESKTOP-MDBO7TE" name="TESTNG.Basic" tests="3" failures="0" timestamp="2022-11-03T09:07:25 IST" time="0.007" errors="0">
  <testcase name="ZABC" time="0.004" classname="TESTNG.Basic"/>
  <system-out/>
  <testcase name="XFGI" time="0.002" classname="TESTNG.Basic"/>
  <system-out/>
  <testcase name="YCDE" time="0.001" classname="TESTNG.Basic"/>
  <system-out/>
</testsuite> <!-- TESTNG.Basic -->
