<?xml version="1.0" encoding="UTF-8"?>
<!-- Generated by org.testng.reporters.JUnitReportReporter -->
<testsuite skipped="0" hostname="DESKTOP-MDBO7TE" name="TESTNG.include_and_exclude" tests="2" failures="0" timestamp="2022-11-09T08:30:02 IST" time="59.377" errors="0">
  <testcase name="BusinessLogic_three" time="29.093" classname="TESTNG.include_and_exclude"/>
  <system-out/>
  <testcase name="BusinessLogic_Two" time="30.284" classname="TESTNG.include_and_exclude"/>
  <system-out/>
</testsuite> <!-- TESTNG.include_and_exclude -->
