<?xml version="1.0" encoding="UTF-8"?>
<!-- Generated by org.testng.reporters.JUnitReportReporter -->
<testsuite skipped="0" hostname="DESKTOP-MDBO7TE" name="TESTNG.S_S" tests="1" failures="0" timestamp="2022-11-04T08:47:06 IST" time="31.355" errors="0">
  <testcase name="BusinessLogic_one" time="31.355" classname="TESTNG.S_S"/>
  <system-out/>
</testsuite> <!-- TESTNG.S_S -->
