<?xml version="1.0" encoding="UTF-8"?>
<!-- Generated by org.testng.reporters.JUnitReportReporter -->
<testsuite skipped="1" hostname="DESKTOP-MDBO7TE" name="TESTNG.enable_method" tests="3" failures="0" timestamp="2022-11-08T08:53:09 IST" time="63.870" errors="0">
  <testcase name="BusinessLogic_one" time="31.891" classname="TESTNG.enable_method"/>
  <system-out/>
  <testcase name="BusinessLogic_three" time="31.979" classname="TESTNG.enable_method"/>
  <system-out/>
  <testcase name="BusinessLogic_Two" classname="TESTNG.enable_method">
    <skipped/>
  </testcase> <!-- BusinessLogic_Two -->
  <system-out/>
</testsuite> <!-- TESTNG.enable_method -->
