<?xml version="1.0" encoding="UTF-8"?>
<!-- Generated by org.testng.reporters.JUnitReportReporter -->
<testsuite skipped="0" hostname="DESKTOP-MDBO7TE" name="TESTNG.dependsON_" tests="3" failures="0" timestamp="2022-11-09T08:49:43 IST" time="89.872" errors="0">
  <testcase name="BusinessLogic_Two" time="30.367" classname="TESTNG.dependsON_"/>
  <system-out/>
  <testcase name="BusinessLogic_one" time="30.343" classname="TESTNG.dependsON_"/>
  <system-out/>
  <testcase name="BusinessLogic_three" time="29.162" classname="TESTNG.dependsON_"/>
  <system-out/>
</testsuite> <!-- TESTNG.dependsON_ -->
