<?xml version="1.0" encoding="UTF-8"?>
<!-- Generated by org.testng.reporters.JUnitReportReporter -->
<testsuite skipped="0" hostname="DESKTOP-MDBO7TE" name="TESTNG.Para_meters" tests="1" failures="0" timestamp="2022-11-08T08:25:24 IST" time="30.565" errors="0">
  <testcase name="BusinessLogic_one" time="30.565" classname="TESTNG.Para_meters"/>
  <system-out/>
</testsuite> <!-- TESTNG.Para_meters -->
